<?xml version="1.0" encoding="UTF-8"?>
<!-- Generated by org.testng.reporters.JUnitXMLReporter -->
<testsuite hostname="Durga" name="LoginTest" tests="1" failures="1" timestamp="20 Feb 2020 05:36:29 GMT" time="14.125" errors="0">
  <testcase name="login" time="14.086" classname="com.freyr.testcases.FreyeLogin">
    <failure type="java.lang.NullPointerException">
      <![CDATA[java.lang.NullPointerException
	at utility.configReader.getUsername(configReader.java:43)
	at com.freyr.testcases.FreyeLogin.login(FreyeLogin.java:46)
... Removed 24 stack frames]]>
    </failure>
  </testcase> <!-- login -->
</testsuite> <!-- LoginTest -->
